# JRE version: Java(TM) SE Runtime Environment (16.0.1+9) (build 16.0.1+9-24)
# Java VM: Java HotSpot(TM) 64-Bit Server VM (16.0.1+9-24, mixed mode, sharing, tiered, compressed oops, compressed class ptrs, g1 gc, windows-amd64)
GC Precious Log:
 CPUs: 4 total, 4 available
 Memory: 8067M
 Large Page Support: Disabled
 NUMA Support: Disabled
 Compressed Oops: Enabled (32-bit)
 Heap Region Size: 1M
 Heap Min Capacity: 8M
 Heap Initial Capacity: 8M
 Heap Max Capacity: 2018M
 Pre-touch: Disabled
 Parallel Workers: 4
 Concurrent Workers: 1
 Concurrent Refinement Workers: 4
 Periodic GC: Disabled
Heap:
 garbage-first heap   total 16384K, used 7784K [0x0000000081e00000, 0x0000000100000000)
  region size 1024K, 1 young (1024K), 1 survivors (1024K)
 Metaspace       used 9120K, committed 9344K, reserved 1064960K
  class space    used 1036K, committed 1152K, reserved 1048576K
GC Heap History (20 events):
Event: 0.547 GC heap after
{Heap after GC invocations=3 (full 0):
 garbage-first heap   total 8192K, used 1964K [0x0000000081e00000, 0x0000000100000000)
  region size 1024K, 1 young (1024K), 1 survivors (1024K)
 Metaspace       used 5872K, committed 6080K, reserved 1064960K
  class space    used 689K, committed 768K, reserved 1048576K
}
Event: 0.669 GC heap before
{Heap before GC invocations=3 (full 0):
 garbage-first heap   total 8192K, used 2988K [0x0000000081e00000, 0x0000000100000000)
  region size 1024K, 2 young (2048K), 1 survivors (1024K)
 Metaspace       used 7495K, committed 7616K, reserved 1064960K
  class space    used 855K, committed 896K, reserved 1048576K
}
Event: 0.673 GC heap after
{Heap after GC invocations=4 (full 0):
 garbage-first heap   total 8192K, used 2258K [0x0000000081e00000, 0x0000000100000000)
  region size 1024K, 1 young (1024K), 1 survivors (1024K)
 Metaspace       used 7495K, committed 7616K, reserved 1064960K
  class space    used 855K, committed 896K, reserved 1048576K
}
Event: 0.733 GC heap before
{Heap before GC invocations=4 (full 0):
 garbage-first heap   total 8192K, used 3282K [0x0000000081e00000, 0x0000000100000000)
  region size 1024K, 2 young (2048K), 1 survivors (1024K)
 Metaspace       used 7769K, committed 7936K, reserved 1064960K
  class space    used 884K, committed 960K, reserved 1048576K
}
Event: 0.736 GC heap after
{Heap after GC invocations=5 (full 0):
 garbage-first heap   total 10240K, used 2498K [0x0000000081e00000, 0x0000000100000000)
  region size 1024K, 1 young (1024K), 1 survivors (1024K)
 Metaspace       used 7769K, committed 7936K, reserved 1064960K
  class space    used 884K, committed 960K, reserved 1048576K
}
Event: 0.866 GC heap before
{Heap before GC invocations=5 (full 0):
 garbage-first heap   total 10240K, used 4546K [0x0000000081e00000, 0x0000000100000000)
  region size 1024K, 3 young (3072K), 1 survivors (1024K)
 Metaspace       used 8070K, committed 8256K, reserved 1064960K
  class space    used 922K, committed 1024K, reserved 1048576K
}
Event: 0.870 GC heap after
{Heap after GC invocations=6 (full 0):
 garbage-first heap   total 10240K, used 3051K [0x0000000081e00000, 0x0000000100000000)
  region size 1024K, 1 young (1024K), 1 survivors (1024K)
 Metaspace       used 8070K, committed 8256K, reserved 1064960K
  class space    used 922K, committed 1024K, reserved 1048576K
}
Event: 0.916 GC heap before
{Heap before GC invocations=6 (full 0):
 garbage-first heap   total 10240K, used 5099K [0x0000000081e00000, 0x0000000100000000)
  region size 1024K, 3 young (3072K), 1 survivors (1024K)
 Metaspace       used 8123K, committed 8320K, reserved 1064960K
  class space    used 922K, committed 1024K, reserved 1048576K
}
Event: 0.922 GC heap after
{Heap after GC invocations=7 (full 0):
 garbage-first heap   total 10240K, used 3389K [0x0000000081e00000, 0x0000000100000000)
  region size 1024K, 1 young (1024K), 1 survivors (1024K)
 Metaspace       used 8123K, committed 8320K, reserved 1064960K
  class space    used 922K, committed 1024K, reserved 1048576K
}
Event: 0.989 GC heap before
{Heap before GC invocations=7 (full 0):
 garbage-first heap   total 10240K, used 5437K [0x0000000081e00000, 0x0000000100000000)
  region size 1024K, 3 young (3072K), 1 survivors (1024K)
 Metaspace       used 8224K, committed 8384K, reserved 1064960K
  class space    used 932K, committed 1024K, reserved 1048576K
}
Event: 0.991 GC heap after
{Heap after GC invocations=8 (full 0):
 garbage-first heap   total 10240K, used 3646K [0x0000000081e00000, 0x0000000100000000)
  region size 1024K, 1 young (1024K), 1 survivors (1024K)
 Metaspace       used 8224K, committed 8384K, reserved 1064960K
  class space    used 932K, committed 1024K, reserved 1048576K
}
Event: 1.049 GC heap before
{Heap before GC invocations=8 (full 0):
 garbage-first heap   total 10240K, used 5694K [0x0000000081e00000, 0x0000000100000000)
  region size 1024K, 3 young (3072K), 1 survivors (1024K)
 Metaspace       used 8317K, committed 8448K, reserved 1064960K
  class space    used 943K, committed 1024K, reserved 1048576K
}
Event: 1.053 GC heap after
{Heap after GC invocations=9 (full 0):
 garbage-first heap   total 16384K, used 3950K [0x0000000081e00000, 0x0000000100000000)
  region size 1024K, 1 young (1024K), 1 survivors (1024K)
 Metaspace       used 8317K, committed 8448K, reserved 1064960K
  class space    used 943K, committed 1024K, reserved 1048576K
}
Event: 1.120 GC heap before
{Heap before GC invocations=9 (full 0):
 garbage-first heap   total 16384K, used 9070K [0x0000000081e00000, 0x0000000100000000)
  region size 1024K, 6 young (6144K), 1 survivors (1024K)
 Metaspace       used 8409K, committed 8640K, reserved 1064960K
  class space    used 949K, committed 1088K, reserved 1048576K
}
Event: 1.126 GC heap after
{Heap after GC invocations=10 (full 0):
 garbage-first heap   total 16384K, used 4826K [0x0000000081e00000, 0x0000000100000000)
  region size 1024K, 1 young (1024K), 1 survivors (1024K)
 Metaspace       used 8409K, committed 8640K, reserved 1064960K
  class space    used 949K, committed 1088K, reserved 1048576K
}
Event: 1.205 GC heap before
{Heap before GC invocations=10 (full 0):
 garbage-first heap   total 16384K, used 7898K [0x0000000081e00000, 0x0000000100000000)
  region size 1024K, 5 young (5120K), 1 survivors (1024K)
 Metaspace       used 8494K, committed 8704K, reserved 1064960K
  class space    used 957K, committed 1088K, reserved 1048576K
}
Event: 1.211 GC heap after
{Heap after GC invocations=11 (full 0):
 garbage-first heap   total 16384K, used 6030K [0x0000000081e00000, 0x0000000100000000)
  region size 1024K, 1 young (1024K), 1 survivors (1024K)
 Metaspace       used 8494K, committed 8704K, reserved 1064960K
  class space    used 957K, committed 1088K, reserved 1048576K
}
Event: 1.299 GC heap before
{Heap before GC invocations=11 (full 0):
 garbage-first heap   total 16384K, used 9102K [0x0000000081e00000, 0x0000000100000000)
  region size 1024K, 5 young (5120K), 1 survivors (1024K)
 Metaspace       used 8614K, committed 8832K, reserved 1064960K
  class space    used 973K, committed 1088K, reserved 1048576K
}
Event: 1.305 GC heap after
{Heap after GC invocations=12 (full 0):
 garbage-first heap   total 16384K, used 7030K [0x0000000081e00000, 0x0000000100000000)
  region size 1024K, 1 young (1024K), 1 survivors (1024K)
 Metaspace       used 8614K, committed 8832K, reserved 1064960K
  class space    used 973K, committed 1088K, reserved 1048576K
}
Event: 1.441 GC heap before
{Heap before GC invocations=12 (full 0):
 garbage-first heap   total 16384K, used 10102K [0x0000000081e00000, 0x0000000100000000)
  region size 1024K, 4 young (4096K), 1 survivors (1024K)
 Metaspace       used 9120K, committed 9344K, reserved 1064960K
  class space    used 1036K, committed 1152K, reserved 1048576K
}

