# JRE version: Java(TM) SE Runtime Environment (16.0.1+9) (build 16.0.1+9-24)
# Java VM: Java HotSpot(TM) 64-Bit Server VM (16.0.1+9-24, mixed mode, sharing, tiered, compressed oops, compressed class ptrs, g1 gc, windows-amd64)
GC Precious Log:
 CPUs: 4 total, 4 available
 Memory: 8067M
 Large Page Support: Disabled
 NUMA Support: Disabled
 Compressed Oops: Enabled (32-bit)
 Heap Region Size: 1M
 Heap Min Capacity: 8M
 Heap Initial Capacity: 8M
 Heap Max Capacity: 2018M
 Pre-touch: Disabled
 Parallel Workers: 4
 Concurrent Workers: 1
 Concurrent Refinement Workers: 4
 Periodic GC: Disabled
Heap:
 garbage-first heap   total 24576K, used 11251K [0x0000000081e00000, 0x0000000100000000)
  region size 1024K, 6 young (6144K), 1 survivors (1024K)
 Metaspace       used 9190K, committed 9408K, reserved 1064960K
  class space    used 1037K, committed 1152K, reserved 1048576K
GC Heap History (20 events):
Event: 1.192 GC heap before
{Heap before GC invocations=3 (full 0):
 garbage-first heap   total 8192K, used 2976K [0x0000000081e00000, 0x0000000100000000)
  region size 1024K, 2 young (2048K), 1 survivors (1024K)
 Metaspace       used 7496K, committed 7616K, reserved 1064960K
  class space    used 854K, committed 896K, reserved 1048576K
}
Event: 1.196 GC heap after
{Heap after GC invocations=4 (full 0):
 garbage-first heap   total 8192K, used 2248K [0x0000000081e00000, 0x0000000100000000)
  region size 1024K, 1 young (1024K), 1 survivors (1024K)
 Metaspace       used 7496K, committed 7616K, reserved 1064960K
  class space    used 854K, committed 896K, reserved 1048576K
}
Event: 1.253 GC heap before
{Heap before GC invocations=4 (full 0):
 garbage-first heap   total 8192K, used 3272K [0x0000000081e00000, 0x0000000100000000)
  region size 1024K, 2 young (2048K), 1 survivors (1024K)
 Metaspace       used 7769K, committed 7936K, reserved 1064960K
  class space    used 882K, committed 960K, reserved 1048576K
}
Event: 1.256 GC heap after
{Heap after GC invocations=5 (full 0):
 garbage-first heap   total 10240K, used 2477K [0x0000000081e00000, 0x0000000100000000)
  region size 1024K, 1 young (1024K), 1 survivors (1024K)
 Metaspace       used 7769K, committed 7936K, reserved 1064960K
  class space    used 882K, committed 960K, reserved 1048576K
}
Event: 1.380 GC heap before
{Heap before GC invocations=5 (full 0):
 garbage-first heap   total 10240K, used 4525K [0x0000000081e00000, 0x0000000100000000)
  region size 1024K, 3 young (3072K), 1 survivors (1024K)
 Metaspace       used 8057K, committed 8256K, reserved 1064960K
  class space    used 921K, committed 1024K, reserved 1048576K
}
Event: 1.384 GC heap after
{Heap after GC invocations=6 (full 0):
 garbage-first heap   total 10240K, used 3051K [0x0000000081e00000, 0x0000000100000000)
  region size 1024K, 1 young (1024K), 1 survivors (1024K)
 Metaspace       used 8057K, committed 8256K, reserved 1064960K
  class space    used 921K, committed 1024K, reserved 1048576K
}
Event: 1.451 GC heap before
{Heap before GC invocations=6 (full 0):
 garbage-first heap   total 10240K, used 5099K [0x0000000081e00000, 0x0000000100000000)
  region size 1024K, 3 young (3072K), 1 survivors (1024K)
 Metaspace       used 8114K, committed 8320K, reserved 1064960K
  class space    used 921K, committed 1024K, reserved 1048576K
}
Event: 1.456 GC heap after
{Heap after GC invocations=7 (full 0):
 garbage-first heap   total 10240K, used 3403K [0x0000000081e00000, 0x0000000100000000)
  region size 1024K, 1 young (1024K), 1 survivors (1024K)
 Metaspace       used 8114K, committed 8320K, reserved 1064960K
  class space    used 921K, committed 1024K, reserved 1048576K
}
Event: 1.531 GC heap before
{Heap before GC invocations=7 (full 0):
 garbage-first heap   total 10240K, used 5451K [0x0000000081e00000, 0x0000000100000000)
  region size 1024K, 3 young (3072K), 1 survivors (1024K)
 Metaspace       used 8211K, committed 8384K, reserved 1064960K
  class space    used 930K, committed 1024K, reserved 1048576K
}
Event: 1.534 GC heap after
{Heap after GC invocations=8 (full 0):
 garbage-first heap   total 10240K, used 3619K [0x0000000081e00000, 0x0000000100000000)
  region size 1024K, 1 young (1024K), 1 survivors (1024K)
 Metaspace       used 8211K, committed 8384K, reserved 1064960K
  class space    used 930K, committed 1024K, reserved 1048576K
}
Event: 1.593 GC heap before
{Heap before GC invocations=8 (full 0):
 garbage-first heap   total 10240K, used 5667K [0x0000000081e00000, 0x0000000100000000)
  region size 1024K, 3 young (3072K), 1 survivors (1024K)
 Metaspace       used 8303K, committed 8448K, reserved 1064960K
  class space    used 941K, committed 1024K, reserved 1048576K
}
Event: 1.597 GC heap after
{Heap after GC invocations=9 (full 0):
 garbage-first heap   total 15360K, used 3960K [0x0000000081e00000, 0x0000000100000000)
  region size 1024K, 1 young (1024K), 1 survivors (1024K)
 Metaspace       used 8303K, committed 8448K, reserved 1064960K
  class space    used 941K, committed 1024K, reserved 1048576K
}
Event: 1.715 GC heap before
{Heap before GC invocations=9 (full 0):
 garbage-first heap   total 15360K, used 8056K [0x0000000081e00000, 0x0000000100000000)
  region size 1024K, 5 young (5120K), 1 survivors (1024K)
 Metaspace       used 8404K, committed 8640K, reserved 1064960K
  class space    used 946K, committed 1088K, reserved 1048576K
}
Event: 1.719 GC heap after
{Heap after GC invocations=10 (full 0):
 garbage-first heap   total 15360K, used 4744K [0x0000000081e00000, 0x0000000100000000)
  region size 1024K, 1 young (1024K), 1 survivors (1024K)
 Metaspace       used 8404K, committed 8640K, reserved 1064960K
  class space    used 946K, committed 1088K, reserved 1048576K
}
Event: 1.816 GC heap before
{Heap before GC invocations=10 (full 0):
 garbage-first heap   total 15360K, used 8840K [0x0000000081e00000, 0x0000000100000000)
  region size 1024K, 5 young (5120K), 1 survivors (1024K)
 Metaspace       used 8487K, committed 8704K, reserved 1064960K
  class space    used 953K, committed 1088K, reserved 1048576K
}
Event: 1.822 GC heap after
{Heap after GC invocations=11 (full 0):
 garbage-first heap   total 15360K, used 5479K [0x0000000081e00000, 0x0000000100000000)
  region size 1024K, 1 young (1024K), 1 survivors (1024K)
 Metaspace       used 8487K, committed 8704K, reserved 1064960K
  class space    used 953K, committed 1088K, reserved 1048576K
}
Event: 1.916 GC heap before
{Heap before GC invocations=11 (full 0):
 garbage-first heap   total 15360K, used 7527K [0x0000000081e00000, 0x0000000100000000)
  region size 1024K, 4 young (4096K), 1 survivors (1024K)
 Metaspace       used 8553K, committed 8768K, reserved 1064960K
  class space    used 961K, committed 1088K, reserved 1048576K
}
Event: 1.922 GC heap after
{Heap after GC invocations=12 (full 0):
 garbage-first heap   total 15360K, used 6801K [0x0000000081e00000, 0x0000000100000000)
  region size 1024K, 1 young (1024K), 1 survivors (1024K)
 Metaspace       used 8553K, committed 8768K, reserved 1064960K
  class space    used 961K, committed 1088K, reserved 1048576K
}
Event: 2.107 GC heap before
{Heap before GC invocations=12 (full 0):
 garbage-first heap   total 15360K, used 9873K [0x0000000081e00000, 0x0000000100000000)
  region size 1024K, 4 young (4096K), 1 survivors (1024K)
 Metaspace       used 9101K, committed 9344K, reserved 1064960K
  class space    used 1034K, committed 1152K, reserved 1048576K
}
Event: 2.114 GC heap after
{Heap after GC invocations=13 (full 0):
 garbage-first heap   total 24576K, used 7155K [0x0000000081e00000, 0x0000000100000000)
  region size 1024K, 1 young (1024K), 1 survivors (1024K)
 Metaspace       used 9101K, committed 9344K, reserved 1064960K
  class space    used 1034K, committed 1152K, reserved 1048576K
}

